<?xml version="1.0" encoding="UTF-8"?>
<!-- Generated by org.testng.reporters.JUnitReportReporter -->
<testsuite hostname="Sruhti" failures="0" tests="1" name="Practice_Scripts.screenshot" time="13.391" errors="0" timestamp="2022-03-05T16:20:45 IST" skipped="0">
  <testcase classname="Practice_Scripts.screenshot" name="getScreenshot_Test" time="13.391"/>
  <system-out/>
</testsuite> <!-- Practice_Scripts.screenshot -->
