<?xml version="1.0" encoding="UTF-8"?>
<!-- Generated by org.testng.reporters.JUnitReportReporter -->
<testsuite hostname="Sruhti" failures="0" tests="2" name="practice_scripts1.TCC03_Contacts" time="76.177" errors="0" timestamp="2022-03-11T12:57:17 IST" skipped="0">
  <testcase classname="practice_scripts1.TCC03_Contacts" name="createcontactWithouOrg" time="31.436"/>
  <system-out/>
  <testcase classname="practice_scripts1.TCC03_Contacts" name="create_contact" time="44.741"/>
  <system-out/>
</testsuite> <!-- practice_scripts1.TCC03_Contacts -->
