<?xml version="1.0" encoding="UTF-8"?>
<!-- Generated by org.testng.reporters.JUnitReportReporter -->
<testsuite hostname="Sruhti" failures="0" tests="5" name="practice_testNG.DataProviderFromExcel" time="0.178" errors="0" timestamp="2022-02-22T14:17:42 IST" skipped="0">
  <testcase classname="practice_testNG.DataProviderFromExcel" name="readDatafromExcel" time="0.003"/>
  <system-out/>
  <testcase classname="practice_testNG.DataProviderFromExcel" name="readDatafromExcel" time="0.006"/>
  <system-out/>
  <testcase classname="practice_testNG.DataProviderFromExcel" name="readDatafromExcel" time="0.059"/>
  <system-out/>
  <testcase classname="practice_testNG.DataProviderFromExcel" name="readDatafromExcel" time="0.033"/>
  <system-out/>
  <testcase classname="practice_testNG.DataProviderFromExcel" name="readDatafromExcel" time="0.077"/>
  <system-out/>
</testsuite> <!-- practice_testNG.DataProviderFromExcel -->
