<?xml version="1.0" encoding="UTF-8"?>
<!-- Generated by org.testng.reporters.JUnitReportReporter -->
<testsuite hostname="Sruhti" failures="0" tests="2" name="practice_testNG.testNG2" time="0.013" errors="0" timestamp="2022-02-21T13:16:57 IST" skipped="0">
  <testcase classname="practice_testNG.testNG2" name="testNG_4" time="0.009"/>
  <system-out/>
  <testcase classname="practice_testNG.testNG2" name="testNG_3" time="0.004"/>
  <system-out/>
</testsuite> <!-- practice_testNG.testNG2 -->
