<?xml version="1.0" encoding="UTF-8"?>
<!-- Generated by org.testng.reporters.JUnitReportReporter -->
<testsuite hostname="Sruhti" failures="0" tests="2" name="practice_testNG.testNG1" time="0.024" errors="0" timestamp="2022-02-21T13:16:57 IST" skipped="0">
  <testcase classname="practice_testNG.testNG1" name="testNG_2" time="0.013"/>
  <system-out/>
  <testcase classname="practice_testNG.testNG1" name="testNG_1" time="0.011"/>
  <system-out/>
</testsuite> <!-- practice_testNG.testNG1 -->
