<?xml version="1.0" encoding="UTF-8"?>
<!-- Generated by org.testng.reporters.JUnitReportReporter -->
<testsuite hostname="Sruhti" failures="0" tests="1" name="Practice_Scripts.assert_Class" time="0.020" errors="0" timestamp="2022-03-11T12:34:45 IST" skipped="0">
  <testcase classname="Practice_Scripts.assert_Class" name="assert_Validation" time="0.020"/>
  <system-out/>
</testsuite> <!-- Practice_Scripts.assert_Class -->
