<?xml version="1.0" encoding="UTF-8"?>
<!-- Generated by org.testng.reporters.JUnitReportReporter -->
<testsuite hostname="Sruhti" failures="0" tests="1" name="practice_scripts1.TCC02_CreateOrganisationWithDD" time="38.312" errors="0" timestamp="2022-03-11T12:57:17 IST" skipped="0">
  <testcase classname="practice_scripts1.TCC02_CreateOrganisationWithDD" name="createOrgWithDD" time="38.312"/>
  <system-out/>
</testsuite> <!-- practice_scripts1.TCC02_CreateOrganisationWithDD -->
