<?xml version="1.0" encoding="UTF-8"?>
<!-- Generated by org.testng.reporters.JUnitReportReporter -->
<testsuite hostname="Sruhti" failures="0" tests="4" name="practice_testNG.DataProvider1" time="0.017" errors="0" timestamp="2022-02-22T12:40:08 IST" skipped="0">
  <testcase classname="practice_testNG.DataProvider1" name="travel" time="0.002"/>
  <system-out/>
  <testcase classname="practice_testNG.DataProvider1" name="travel" time="0.002"/>
  <system-out/>
  <testcase classname="practice_testNG.DataProvider1" name="travel" time="0.003"/>
  <system-out/>
  <testcase classname="practice_testNG.DataProvider1" name="travel" time="0.010"/>
  <system-out/>
</testsuite> <!-- practice_testNG.DataProvider1 -->
