<?xml version="1.0" encoding="UTF-8"?>
<!-- Generated by org.testng.reporters.JUnitReportReporter -->
<testsuite hostname="Sruhti" failures="0" tests="1" name="practice_scripts1.TCC02_CreateOrganisationWithDD" time="32.499" errors="0" timestamp="2022-03-11T13:29:59 IST" skipped="0">
  <testcase classname="practice_scripts1.TCC02_CreateOrganisationWithDD" name="createOrgWithDD" time="32.499"/>
  <system-out/>
</testsuite> <!-- practice_scripts1.TCC02_CreateOrganisationWithDD -->
