<?xml version="1.0" encoding="UTF-8"?>
<!-- Generated by org.testng.reporters.JUnitReportReporter -->
<testsuite hostname="Sruhti" failures="0" tests="2" name="practice_scripts1.TCC03_Contacts" time="56.751" errors="0" timestamp="2022-03-11T13:29:59 IST" skipped="0">
  <testcase classname="practice_scripts1.TCC03_Contacts" name="create_contact" time="30.890"/>
  <system-out/>
  <testcase classname="practice_scripts1.TCC03_Contacts" name="createcontactWithouOrg" time="25.861"/>
  <system-out/>
</testsuite> <!-- practice_scripts1.TCC03_Contacts -->
